<?xml version="1.0" encoding="UTF-8"?>
<testsuite xmlns:xsi="http://www.w3.org/2001/XMLSchema-instance" xsi:noNamespaceSchemaLocation="https://maven.apache.org/surefire/maven-surefire-plugin/xsd/surefire-test-report-3.0.xsd" version="3.0" name="com.tests.marguerite.RunWebSuiteTest" time="10.057" tests="1" errors="0" skipped="0" failures="0">
  <properties>
[...]
</properties>
  <testcase name="Je souhaite me connecter avec des données valides" classname="Je souhaite verifier la page de la connexion de l application MARGUERITE" time="9.112">
    <system-out><![CDATA[
@login @smoketest @tnr @login-valide
ScÃ©nario: Je souhaite me connecter avec des donnÃ©es valides    # src/spec/feature/feature_file/Authentification.feature:7
22:15:35.042 [main] INFO  com.tests.marguerite.utils.Setup - Scenario: Je souhaite me connecter avec des données valides - started
  Etant donnÃ© Je me connecte sur l application MARGUERITE      # com.tests.marguerite.step_definitions.LoginStepDefinition.jeMeConnecteSurLApplicationMARGUERITE()
  Quand Je saisis un identifiant "Fletcher.Marcheterre@c21.fr" # com.tests.marguerite.step_definitions.LoginStepDefinition.jeSaisisUnIdentifiant(java.lang.String)
  Et Je saisis un mot de passe "Fletcher.Marcheterre_1"        # com.tests.marguerite.step_definitions.LoginStepDefinition.jeSaisisUnMotDePasse(java.lang.String)
CONNEXION
  Et Je clique sur le bouton connexion                         # com.tests.marguerite.step_definitions.LoginStepDefinition.jeCliqueSurLeBoutonConnexion()
Rechercher
Rechercher
  Alors Je me redirige vers la page home "Rechercher"          # com.tests.marguerite.step_definitions.LoginStepDefinition.jeMeRedirigeVersLaPageHome(java.lang.String)
22:15:43.531 [main] INFO  com.tests.marguerite.utils.Setup - Scenario: Je souhaite me connecter avec des données valides - finished.Status: PASSED
]]></system-out>
  </testcase>
</testsuite>